Looking for git in: /usr/local/bin/git
Using git 2.24.1 from /usr/local/bin/git
> git rev-parse --show-toplevel
> git rev-parse --git-dir
Open repository: /Users/obinnaspeaks/Documents/theme-demo
> git status -z -u
> git symbolic-ref --short HEAD
> git rev-parse master
> git rev-parse --symbolic-full-name master@{u}
> git rev-list --left-right master...refs/remotes/origin/master
> git for-each-ref --format %(refname) %(objectname) --sort -committerdate
> git remote --verbose
> git config --get commit.template
> git show :src/components/image.js
> git check-ignore -v -z --stdin
> git show :src/components/header.js
> git show :src/components/image.js
> git show :src/components/layout.css
> git show :src/components/image.js
> git show :src/components/header.js
> git show :src/components/image.js
> git show :src/components/header.js
> git show :src/components/layout.js
> git check-ignore -v -z --stdin
> git show :src/components/layout.css
> git check-ignore -v -z --stdin
> git show :src/pages/404.js
> git show :src/pages/index.js
> git show :src/pages/page-2.js
